

times in msec
 clock   self+sourced   self:  sourced script
 clock   elapsed:              other lines

000.005  000.005: --- VIM STARTING ---
000.112  000.107: Allocated generic buffers
073.936  073.824: locale set
073.959  000.023: GUI prepared
073.962  000.003: clipboard setup
073.970  000.008: window checked
206.182  132.212: inits 1
206.190  000.008: parsing arguments
206.192  000.002: expanding arguments
206.213  000.021: shell init
265.741  059.528: xsmp init
369.433  103.692: Termcap init
369.472  000.039: inits 2
369.622  000.150: init highlight
547.374  000.487  000.487: sourcing /nfs/see-fs-02_users/eeaol/.vim/autoload/pathogen.vim
2203.454  000.340  000.340: sourcing /nfs/see-fs-02_users/eeaol/share/vim/vim73/syntax/syncolor.vim
2203.644  017.226  016.886: sourcing /nfs/see-fs-02_users/eeaol/share/vim/vim73/syntax/synload.vim
2464.542  000.142  000.142: sourcing /nfs/see-fs-02_users/eeaol/.vim/bundle/plastic.vim-markdown/ftdetect/mkd.vim
2466.635  000.366  000.366: sourcing /nfs/see-fs-02_users/eeaol/.vim/bundle/vim-git/ftdetect/git.vim
2468.657  000.320  000.320: sourcing /nfs/see-fs-02_users/eeaol/.vim/bundle/vim-markdown/ftdetect/markdown.vim
2470.389  000.054  000.054: sourcing /nfs/see-fs-02_users/eeaol/.vim/bundle/vim-multimarkdown/ftdetect/mmd.vim
2470.660  246.819  245.937: sourcing /nfs/see-fs-02_users/eeaol/share/vim/vim73/filetype.vim
2470.756  337.617  073.572: sourcing /nfs/see-fs-02_users/eeaol/share/vim/vim73/syntax/syntax.vim
2471.607  000.024  000.024: sourcing /nfs/see-fs-02_users/eeaol/share/vim/vim73/filetype.vim
2472.490  000.022  000.022: sourcing /nfs/see-fs-02_users/eeaol/share/vim/vim73/filetype.vim
2473.912  000.074  000.074: sourcing /nfs/see-fs-02_users/eeaol/share/vim/vim73/ftplugin.vim
2475.330  000.068  000.068: sourcing /nfs/see-fs-02_users/eeaol/share/vim/vim73/indent.vim
2476.688  000.285  000.285: sourcing /nfs/see-fs-02_users/eeaol/share/vim/vim73/syntax/syncolor.vim
2481.235  000.299  000.299: sourcing /nfs/see-fs-02_users/eeaol/share/vim/vim73/syntax/syncolor.vim
2482.484  000.286  000.286: sourcing /nfs/see-fs-02_users/eeaol/share/vim/vim73/syntax/syncolor.vim
2486.641  007.592  007.007: sourcing /nfs/see-fs-02_users/eeaol/.vim/bundle/vim-colors-solarized/colors/solarized.vim
2488.578  2029.730  1683.561: sourcing $HOME/.vimrc
2488.590  089.238: sourcing vimrc file(s)
2494.672  000.333  000.333: sourcing /nfs/see-fs-02_users/eeaol/.vim/plugin/SyntaxFolds.vim
2495.811  000.299  000.299: sourcing /nfs/see-fs-02_users/eeaol/.vim/plugin/filebrowser.vim
2498.062  001.119  001.119: sourcing /nfs/see-fs-02_users/eeaol/.vim/plugin/imaps.vim
2499.144  000.234  000.234: sourcing /nfs/see-fs-02_users/eeaol/.vim/plugin/libList.vim
2500.192  000.205  000.205: sourcing /nfs/see-fs-02_users/eeaol/.vim/plugin/remoteOpen.vim
2505.987  000.371  000.371: sourcing /nfs/see-fs-02_users/eeaol/.vim/bundle/ctrlp/autoload/ctrlp/mrufiles.vim
2506.298  003.102  002.731: sourcing /nfs/see-fs-02_users/eeaol/.vim/bundle/ctrlp/plugin/ctrlp.vim
2517.493  008.336  008.336: sourcing /nfs/see-fs-02_users/eeaol/.vim/bundle/fugitive/plugin/fugitive.vim
2521.674  001.479  001.479: sourcing /nfs/see-fs-02_users/eeaol/.vim/bundle/gitv/plugin/gitv.vim
2524.290  000.094  000.094: sourcing /nfs/see-fs-02_users/eeaol/.vim/bundle/gundo.vim/plugin/gundo.vim
2536.541  009.687  009.687: sourcing /nfs/see-fs-02_users/eeaol/.vim/bundle/nerdcommenter/plugin/NERD_commenter.vim
2540.652  001.244  001.244: sourcing /nfs/see-fs-02_users/eeaol/.vim/bundle/supertab/plugin/supertab.vim
2544.112  000.423  000.423: sourcing /nfs/see-fs-02_users/eeaol/.vim/bundle/tasklist/plugin/tasklist.vim
2548.407  001.022  001.022: sourcing /nfs/see-fs-02_users/eeaol/.vim/bundle/vim-surround/plugin/surround.vim
2556.215  005.288  005.288: sourcing /nfs/see-fs-02_users/eeaol/.vim/bundle/vim-unimpaired/plugin/unimpaired.vim
2569.137  000.132  000.132: sourcing /nfs/see-fs-02_users/eeaol/share/vim/vim73/plugin/getscriptPlugin.vim
2570.309  000.328  000.328: sourcing /nfs/see-fs-02_users/eeaol/share/vim/vim73/plugin/gzip.vim
2571.435  000.285  000.285: sourcing /nfs/see-fs-02_users/eeaol/share/vim/vim73/plugin/matchparen.vim
2573.156  000.870  000.870: sourcing /nfs/see-fs-02_users/eeaol/share/vim/vim73/plugin/netrwPlugin.vim
2574.085  000.082  000.082: sourcing /nfs/see-fs-02_users/eeaol/share/vim/vim73/plugin/rrhelper.vim
2575.245  000.059  000.059: sourcing /nfs/see-fs-02_users/eeaol/share/vim/vim73/plugin/spellfile.vim
2576.335  000.255  000.255: sourcing /nfs/see-fs-02_users/eeaol/share/vim/vim73/plugin/tarPlugin.vim
2577.263  000.084  000.084: sourcing /nfs/see-fs-02_users/eeaol/share/vim/vim73/plugin/tohtml.vim
2578.312  000.205  000.205: sourcing /nfs/see-fs-02_users/eeaol/share/vim/vim73/plugin/vimballPlugin.vim
2579.900  000.199  000.199: sourcing /nfs/see-fs-02_users/eeaol/share/vim/vim73/plugin/zipPlugin.vim
2580.019  056.065: loading plugins
2580.617  000.598: inits 3
2582.269  001.652: reading viminfo
2585.080  002.811: setup clipboard
2585.096  000.016: setting raw mode
2585.108  000.012: start termcap
2585.126  000.018: clearing screen
2585.361  000.235: opening buffers
2585.568  000.207: BufEnter autocommands
2585.571  000.003: editing files in windows
2588.521  002.950: VimEnter autocommands
2588.523  000.002: before starting main loop
2592.019  003.496: first screen update
2592.022  000.003: --- VIM STARTED ---
